Arguments: 
  D:\nodejs\node.exe C:\Users\PC\AppData\Roaming\npm\node_modules\yarn\bin\yarn.js install

PATH: 
  C:\Program Files (x86)\NVIDIA Corporation\PhysX\Common;C:\Windows\system32;C:\Windows;C:\Windows\System32\Wbem;C:\Windows\System32\WindowsPowerShell\v1.0\;C:\Windows\System32\OpenSSH\;D:\Git\cmd;D:\nodejs\;C:\Users\PC\AppData\Local\Microsoft\WindowsApps;D:\QQ游戏\QQGameTempest\Hall.57915\;D:\Microsoft VS Code\bin;C:\Users\PC\AppData\Roaming\npm

Yarn version: 
  1.22.19

Node version: 
  16.1.0

Platform: 
  win32 x64

Trace: 
  Error: ENOENT: no such file or directory, copyfile 'C:\Users\PC\AppData\Local\Yarn\Cache\v6\npm-ms-2.1.2-d09d1f357b443f493382a8eb3ccd183872ae6009-integrity\node_modules\ms\index.js' -> 'D:\workCode\xiaoE\大圣系统源码\admin\node_modules\@babel\core\node_modules\ms\index.js'

npm manifest: 
  {
    "name": "saber-admin",
    "version": "3.4.1",
    "private": true,
    "scripts": {
      "serve": "vue-cli-service serve --mode dev",
      "build": "vue-cli-service build",
      "dasheng": "vue-cli-service build --mode dasheng",
      "test": "vue-cli-service build --mode test",
      "lint": "vue-cli-service lint",
      "analyz": "npm_config_report=true npm run build",
      "test:unit": "vue-cli-service test:unit",
      "test:e2e": "vue-cli-service test:e2e"
    },
    "dependencies": {
      "avue-plugin-ueditor": "^0.2.9",
      "axios": "^0.18.0",
      "babel-polyfill": "^6.26.0",
      "classlist-polyfill": "^1.2.0",
      "clipboard": "^2.0.11",
      "element-ui": "^2.15.13",
      "html2canvas": "^1.4.1",
      "js-base64": "^2.5.1",
      "js-cookie": "^2.2.0",
      "jspdf": "^2.5.1",
      "mockjs": "^1.0.1-beta3",
      "moment": "^2.29.4",
      "node-gyp": "^5.0.6",
      "nprogress": "^0.2.0",
      "script-loader": "^0.7.2",
      "vue": "^2.6.10",
      "vue-axios": "^2.1.2",
      "vue-fragment": "^1.6.0",
      "vue-i18n": "^8.7.0",
      "vue-router": "^3.0.1",
      "vuex": "^3.1.1"
    },
    "devDependencies": {
      "@vue/cli-plugin-babel": "^3.1.1",
      "@vue/cli-plugin-eslint": "^3.1.5",
      "@vue/cli-service": "^3.1.4",
      "cache-loader": "^4.1.0",
      "chai": "^4.1.2",
      "css-loader": "^6.7.3",
      "less": "^4.1.3",
      "less-loader": "^11.1.0",
      "node-sass": "^6.0.1",
      "postcss-loader": "^7.0.2",
      "sass-loader": "^10.0.5",
      "vue-loader": "^17.0.1",
      "vue-style-loader": "^4.1.3",
      "vue-template-compiler": "^2.5.17",
      "webpack-bundle-analyzer": "^3.0.3"
    },
    "lint-staged": {
      "*.js": [
        "vue-cli-service lint",
        "git add"
      ],
      "*.vue": [
        "vue-cli-service lint",
        "git add"
      ]
    }
  }

yarn manifest: 
  No manifest

Lockfile: 
  No lockfile
